Performing C SOURCE FILE Test CMAKE_HAVE_LIBC_PTHREAD failed with the following output:
Change Dir: /home/adam/Bureau/upem/M2/s1/synthese/projet/template/cmake-build-debug/CMakeFiles/CMakeTmp

Run Build Command(s):/usr/bin/make cmTC_7696a/fast && /usr/bin/make -f CMakeFiles/cmTC_7696a.dir/build.make CMakeFiles/cmTC_7696a.dir/build
make[1] : on entre dans le répertoire « /home/adam/Bureau/upem/M2/s1/synthese/projet/template/cmake-build-debug/CMakeFiles/CMakeTmp »
Building C object CMakeFiles/cmTC_7696a.dir/src.c.o
/usr/bin/cc   -DCMAKE_HAVE_LIBC_PTHREAD   -o CMakeFiles/cmTC_7696a.dir/src.c.o   -c /home/adam/Bureau/upem/M2/s1/synthese/projet/template/cmake-build-debug/CMakeFiles/CMakeTmp/src.c
Linking C executable cmTC_7696a
/opt/clion-2019.2.3/bin/cmake/linux/bin/cmake -E cmake_link_script CMakeFiles/cmTC_7696a.dir/link.txt --verbose=1
/usr/bin/cc  -DCMAKE_HAVE_LIBC_PTHREAD    -rdynamic CMakeFiles/cmTC_7696a.dir/src.c.o  -o cmTC_7696a 
CMakeFiles/cmTC_7696a.dir/src.c.o : Dans la fonction « main » :
src.c:(.text+0x3e) : référence indéfinie vers « pthread_create »
src.c:(.text+0x4a) : référence indéfinie vers « pthread_detach »
src.c:(.text+0x5b) : référence indéfinie vers « pthread_join »
src.c:(.text+0x6f) : référence indéfinie vers « pthread_atfork »
collect2: error: ld returned 1 exit status
CMakeFiles/cmTC_7696a.dir/build.make:86: recipe for target 'cmTC_7696a' failed
make[1]: *** [cmTC_7696a] Error 1
make[1] : on quitte le répertoire « /home/adam/Bureau/upem/M2/s1/synthese/projet/template/cmake-build-debug/CMakeFiles/CMakeTmp »
Makefile:121: recipe for target 'cmTC_7696a/fast' failed
make: *** [cmTC_7696a/fast] Error 2


Source file was:
#include <pthread.h>

void* test_func(void* data)
{
  return data;
}

int main(void)
{
  pthread_t thread;
  pthread_create(&thread, NULL, test_func, NULL);
  pthread_detach(thread);
  pthread_join(thread, NULL);
  pthread_atfork(NULL, NULL, NULL);
  pthread_exit(NULL);

  return 0;
}

Determining if the function pthread_create exists in the pthreads failed with the following output:
Change Dir: /home/adam/Bureau/upem/M2/s1/synthese/projet/template/cmake-build-debug/CMakeFiles/CMakeTmp

Run Build Command(s):/usr/bin/make cmTC_af5cd/fast && /usr/bin/make -f CMakeFiles/cmTC_af5cd.dir/build.make CMakeFiles/cmTC_af5cd.dir/build
make[1] : on entre dans le répertoire « /home/adam/Bureau/upem/M2/s1/synthese/projet/template/cmake-build-debug/CMakeFiles/CMakeTmp »
Building C object CMakeFiles/cmTC_af5cd.dir/CheckFunctionExists.c.o
/usr/bin/cc   -DCHECK_FUNCTION_EXISTS=pthread_create   -o CMakeFiles/cmTC_af5cd.dir/CheckFunctionExists.c.o   -c /opt/clion-2019.2.3/bin/cmake/linux/share/cmake-3.15/Modules/CheckFunctionExists.c
Linking C executable cmTC_af5cd
/opt/clion-2019.2.3/bin/cmake/linux/bin/cmake -E cmake_link_script CMakeFiles/cmTC_af5cd.dir/link.txt --verbose=1
/usr/bin/cc  -DCHECK_FUNCTION_EXISTS=pthread_create    -rdynamic CMakeFiles/cmTC_af5cd.dir/CheckFunctionExists.c.o  -o cmTC_af5cd -lpthreads 
/usr/bin/ld : ne peut trouver -lpthreads
collect2: error: ld returned 1 exit status
CMakeFiles/cmTC_af5cd.dir/build.make:86: recipe for target 'cmTC_af5cd' failed
make[1]: *** [cmTC_af5cd] Error 1
make[1] : on quitte le répertoire « /home/adam/Bureau/upem/M2/s1/synthese/projet/template/cmake-build-debug/CMakeFiles/CMakeTmp »
Makefile:121: recipe for target 'cmTC_af5cd/fast' failed
make: *** [cmTC_af5cd/fast] Error 2



